#
# There is insufficient memory for the Java Runtime Environment to continue.
# Native memory allocation (mmap) failed to map 62914560 bytes for committing reserved memory.
# Possible reasons:
#   The system is out of physical RAM or swap space
#   The process is running with CompressedOops enabled, and the Java Heap may be blocking the growth of the native heap
# Possible solutions:
#   Reduce memory load on the system
#   Increase physical memory or swap space
#   Check if swap backing store is full
#   Decrease Java heap size (-Xmx/-Xms)
#   Decrease number of Java threads
#   Decrease Java thread stack sizes (-Xss)
#   Set larger code cache with -XX:ReservedCodeCacheSize=
#   JVM is running with Unscaled Compressed Oops mode in which the Java heap is
#     placed in the first 4GB address space. The Java Heap base address is the
#     maximum limit for the native heap growth. Please use -XX:HeapBaseMinAddress
#     to set the Java Heap base and to place the Java Heap above 4GB virtual address.
# This output file may be truncated or incomplete.
#
#  Out of Memory Error (os_linux.cpp:2749), pid=5941, tid=0x00007f8480559700
#
# JRE version: Java(TM) SE Runtime Environment (8.0_201-b09) (build 1.8.0_201-b09)
# Java VM: Java HotSpot(TM) 64-Bit Server VM (25.201-b09 mixed mode linux-amd64 compressed oops)
# Failed to write core dump. Core dumps have been disabled. To enable core dumping, try "ulimit -c unlimited" before starting Java again
#

---------------  T H R E A D  ---------------

Current thread (0x00007f847c140800):  VMThread [stack: 0x00007f848045a000,0x00007f848055a000] [id=5950]

Stack: [0x00007f848045a000,0x00007f848055a000],  sp=0x00007f84805583f0,  free space=1016k
Native frames: (J=compiled Java code, j=interpreted, Vv=VM code, C=native code)
V  [libjvm.so+0xad3525]  VMError::report_and_die()+0x2e5
V  [libjvm.so+0x4e0457]  report_vm_out_of_memory(char const*, int, unsigned long, VMErrorType, char const*)+0x67
V  [libjvm.so+0x9102f0]  os::pd_commit_memory(char*, unsigned long, unsigned long, bool)+0x100
V  [libjvm.so+0x90791f]  os::commit_memory(char*, unsigned long, unsigned long, bool)+0x1f
V  [libjvm.so+0x98c806]  PSVirtualSpace::expand_by(unsigned long)+0x56
V  [libjvm.so+0x98da98]  PSYoungGen::resize(unsigned long, unsigned long)+0xd8
V  [libjvm.so+0x98a236]  PSScavenge::invoke_no_policy()+0x1376
V  [libjvm.so+0x98a5cc]  PSScavenge::invoke()+0x4c
V  [libjvm.so+0x93a318]  ParallelScavengeHeap::failed_mem_allocate(unsigned long)+0x68
V  [libjvm.so+0xad5073]  VM_ParallelGCFailedAllocation::doit()+0x93
V  [libjvm.so+0xada296]  VM_Operation::evaluate()+0x46
V  [libjvm.so+0xad85cd]  VMThread::evaluate_operation(VM_Operation*) [clone .constprop.44]+0xcd
V  [libjvm.so+0xad8bb3]  VMThread::loop()+0x3a3
V  [libjvm.so+0xad8f88]  VMThread::run()+0x78
V  [libjvm.so+0x90d922]  java_start(Thread*)+0x102

VM_Operation (0x00007f8485e8bbf0): ParallelGCFailedAllocation, mode: safepoint, requested by thread 0x00007f847c00b000


---------------  P R O C E S S  ---------------

Java Threads: ( => current thread )
  0x00007f847ca56000 JavaThread "spring.cloud.inetutils" daemon [_thread_blocked, id=5963, stack(0x00007f846c110000,0x00007f846c211000)]
  0x00007f847c188800 JavaThread "Service Thread" daemon [_thread_blocked, id=5957, stack(0x00007f846c869000,0x00007f846c96a000)]
  0x00007f847c185800 JavaThread "C1 CompilerThread2" daemon [_thread_blocked, id=5956, stack(0x00007f846c96b000,0x00007f846ca6b000)]
  0x00007f847c184000 JavaThread "C2 CompilerThread1" daemon [_thread_in_native, id=5955, stack(0x00007f846ca6c000,0x00007f846cb6c000)]
  0x00007f847c181000 JavaThread "C2 CompilerThread0" daemon [_thread_blocked, id=5954, stack(0x00007f8480056000,0x00007f8480156000)]
  0x00007f847c17f800 JavaThread "Signal Dispatcher" daemon [_thread_blocked, id=5953, stack(0x00007f8480156000,0x00007f8480257000)]
  0x00007f847c14c800 JavaThread "Finalizer" daemon [_thread_blocked, id=5952, stack(0x00007f8480257000,0x00007f8480358000)]
  0x00007f847c14a000 JavaThread "Reference Handler" daemon [_thread_blocked, id=5951, stack(0x00007f8480358000,0x00007f8480459000)]
  0x00007f847c00b000 JavaThread "main" [_thread_blocked, id=5942, stack(0x00007f8485d90000,0x00007f8485e90000)]

Other Threads:
=>0x00007f847c140800 VMThread [stack: 0x00007f848045a000,0x00007f848055a000] [id=5950]
  0x00007f847c18b800 WatcherThread [stack: 0x00007f846c769000,0x00007f846c869000] [id=5958]

VM state:at safepoint (normal execution)

VM Mutex/Monitor currently owned by a thread:  ([mutex/lock_event])
[0x00007f847c007bf0] Threads_lock - owner thread: 0x00007f847c140800
[0x00007f847c0080f0] Heap_lock - owner thread: 0x00007f847c00b000

heap address: 0x00000000a3a00000, size: 1478 MB, Compressed Oops mode: 32-bit
Narrow klass base: 0x0000000000000000, Narrow klass shift: 3
Compressed class space size: 1073741824 Address: 0x0000000100000000

Heap:
 PSYoungGen      total 159232K, used 11252K [0x00000000e1380000, 0x00000000eba00000, 0x0000000100000000)
  eden space 147968K, 0% used [0x00000000e1380000,0x00000000e1380000,0x00000000ea400000)
  from space 11264K, 99% used [0x00000000ea400000,0x00000000eaefd030,0x00000000eaf00000)
  to   space 9728K, 0% used [0x00000000eaf00000,0x00000000eaf00000,0x00000000eb880000)
 ParOldGen       total 47104K, used 10617K [0x00000000a3a00000, 0x00000000a6800000, 0x00000000e1380000)
  object space 47104K, 22% used [0x00000000a3a00000,0x00000000a445e758,0x00000000a6800000)
 Metaspace       used 31019K, capacity 31488K, committed 31744K, reserved 1077248K
  class space    used 3898K, capacity 4023K, committed 4096K, reserved 1048576K

Card table byte_map: [0x00007f848278d000,0x00007f8482a71000] byte_map_base: 0x00007f8482270000

Marking Bits: (ParMarkBitMap*) 0x00007f848523ed80
 Begin Bits: [0x00007f84651d0000, 0x00007f84668e8000)
 End Bits:   [0x00007f84668e8000, 0x00007f8468000000)

Polling page: 0x00007f8485eae000

CodeCache: size=245760Kb used=13471Kb max_used=13471Kb free=232288Kb
 bounds [0x00007f846d000000, 0x00007f846dd30000, 0x00007f847c000000]
 total_blobs=4067 nmethods=3671 adapters=308
 compilation: enabled

Compilation events (10 events):
Event: 5.592 Thread 0x00007f847c185800 3702       3       org.hibernate.validator.internal.metadata.aggregated.MetaDataBuilder::add (62 bytes)
Event: 5.592 Thread 0x00007f847c185800 nmethod 3702 0x00007f846dd28050 code [0x00007f846dd28220, 0x00007f846dd28838]
Event: 5.592 Thread 0x00007f847c185800 3703       3       org.hibernate.validator.internal.metadata.aggregated.MetaDataBuilder::addGroupConversions (130 bytes)
Event: 5.594 Thread 0x00007f847c185800 nmethod 3703 0x00007f846dd289d0 code [0x00007f846dd28cc0, 0x00007f846dd2a3e8]
Event: 5.594 Thread 0x00007f847c185800 3706       3       org.springframework.boot.bind.RelaxedNames::forCamelCase (115 bytes)
Event: 5.597 Thread 0x00007f847c185800 nmethod 3706 0x00007f846dd2ac90 code [0x00007f846dd2b060, 0x00007f846dd2d218]
Event: 5.597 Thread 0x00007f847c185800 3707       1       java.util.Hashtable::access$200 (5 bytes)
Event: 5.597 Thread 0x00007f847c185800 nmethod 3707 0x00007f846dd2e790 code [0x00007f846dd2e8e0, 0x00007f846dd2e9d0]
Event: 5.601 Thread 0x00007f847c185800 3708       3       org.springframework.core.GenericTypeResolver::resolveParameterType (26 bytes)
Event: 5.602 Thread 0x00007f847c185800 nmethod 3708 0x00007f846dd2ea50 code [0x00007f846dd2ec20, 0x00007f846dd2f1d8]

GC Heap History (10 events):
Event: 1.912 GC heap after
Heap after GC invocations=5 (full 0):
 PSYoungGen      total 52736K, used 3564K [0x00000000e1380000, 0x00000000e8380000, 0x0000000100000000)
  eden space 49152K, 0% used [0x00000000e1380000,0x00000000e1380000,0x00000000e4380000)
  from space 3584K, 99% used [0x00000000e4380000,0x00000000e46fb1e0,0x00000000e4700000)
  to   space 8192K, 0% used [0x00000000e7b80000,0x00000000e7b80000,0x00000000e8380000)
 ParOldGen       total 64512K, used 6241K [0x00000000a3a00000, 0x00000000a7900000, 0x00000000e1380000)
  object space 64512K, 9% used [0x00000000a3a00000,0x00000000a4018438,0x00000000a7900000)
 Metaspace       used 17727K, capacity 17938K, committed 18176K, reserved 1064960K
  class space    used 2192K, capacity 2221K, committed 2304K, reserved 1048576K
}
Event: 2.226 GC heap before
{Heap before GC invocations=6 (full 0):
 PSYoungGen      total 52736K, used 30398K [0x00000000e1380000, 0x00000000e8380000, 0x0000000100000000)
  eden space 49152K, 54% used [0x00000000e1380000,0x00000000e2db4720,0x00000000e4380000)
  from space 3584K, 99% used [0x00000000e4380000,0x00000000e46fb1e0,0x00000000e4700000)
  to   space 8192K, 0% used [0x00000000e7b80000,0x00000000e7b80000,0x00000000e8380000)
 ParOldGen       total 64512K, used 6241K [0x00000000a3a00000, 0x00000000a7900000, 0x00000000e1380000)
  object space 64512K, 9% used [0x00000000a3a00000,0x00000000a4018438,0x00000000a7900000)
 Metaspace       used 20937K, capacity 21198K, committed 21296K, reserved 1069056K
  class space    used 2597K, capacity 2666K, committed 2688K, reserved 1048576K
Event: 2.234 GC heap after
Heap after GC invocations=6 (full 0):
 PSYoungGen      total 106496K, used 6349K [0x00000000e1380000, 0x00000000e8380000, 0x0000000100000000)
  eden space 98304K, 0% used [0x00000000e1380000,0x00000000e1380000,0x00000000e7380000)
  from space 8192K, 77% used [0x00000000e7b80000,0x00000000e81b34f8,0x00000000e8380000)
  to   space 8192K, 0% used [0x00000000e7380000,0x00000000e7380000,0x00000000e7b80000)
 ParOldGen       total 64512K, used 6249K [0x00000000a3a00000, 0x00000000a7900000, 0x00000000e1380000)
  object space 64512K, 9% used [0x00000000a3a00000,0x00000000a401a438,0x00000000a7900000)
 Metaspace       used 20937K, capacity 21198K, committed 21296K, reserved 1069056K
  class space    used 2597K, capacity 2666K, committed 2688K, reserved 1048576K
}
Event: 2.234 GC heap before
{Heap before GC invocations=7 (full 1):
 PSYoungGen      total 106496K, used 6349K [0x00000000e1380000, 0x00000000e8380000, 0x0000000100000000)
  eden space 98304K, 0% used [0x00000000e1380000,0x00000000e1380000,0x00000000e7380000)
  from space 8192K, 77% used [0x00000000e7b80000,0x00000000e81b34f8,0x00000000e8380000)
  to   space 8192K, 0% used [0x00000000e7380000,0x00000000e7380000,0x00000000e7b80000)
 ParOldGen       total 64512K, used 6249K [0x00000000a3a00000, 0x00000000a7900000, 0x00000000e1380000)
  object space 64512K, 9% used [0x00000000a3a00000,0x00000000a401a438,0x00000000a7900000)
 Metaspace       used 20937K, capacity 21198K, committed 21296K, reserved 1069056K
  class space    used 2597K, capacity 2666K, committed 2688K, reserved 1048576K
Event: 2.267 GC heap after
Heap after GC invocations=7 (full 1):
 PSYoungGen      total 106496K, used 0K [0x00000000e1380000, 0x00000000e8380000, 0x0000000100000000)
  eden space 98304K, 0% used [0x00000000e1380000,0x00000000e1380000,0x00000000e7380000)
  from space 8192K, 0% used [0x00000000e7b80000,0x00000000e7b80000,0x00000000e8380000)
  to   space 8192K, 0% used [0x00000000e7380000,0x00000000e7380000,0x00000000e7b80000)
 ParOldGen       total 47104K, used 6975K [0x00000000a3a00000, 0x00000000a6800000, 0x00000000e1380000)
  object space 47104K, 14% used [0x00000000a3a00000,0x00000000a40cfc30,0x00000000a6800000)
 Metaspace       used 20937K, capacity 21198K, committed 21296K, reserved 1069056K
  class space    used 2597K, capacity 2666K, committed 2688K, reserved 1048576K
}
Event: 3.297 GC heap before
{Heap before GC invocations=8 (full 1):
 PSYoungGen      total 106496K, used 98304K [0x00000000e1380000, 0x00000000e8380000, 0x0000000100000000)
  eden space 98304K, 100% used [0x00000000e1380000,0x00000000e7380000,0x00000000e7380000)
  from space 8192K, 0% used [0x00000000e7b80000,0x00000000e7b80000,0x00000000e8380000)
  to   space 8192K, 0% used [0x00000000e7380000,0x00000000e7380000,0x00000000e7b80000)
 ParOldGen       total 47104K, used 6975K [0x00000000a3a00000, 0x00000000a6800000, 0x00000000e1380000)
  object space 47104K, 14% used [0x00000000a3a00000,0x00000000a40cfc30,0x00000000a6800000)
 Metaspace       used 25211K, capacity 25580K, committed 25856K, reserved 1071104K
  class space    used 3151K, capacity 3257K, committed 3328K, reserved 1048576K
Event: 3.309 GC heap after
Heap after GC invocations=8 (full 1):
 PSYoungGen      total 106496K, used 8190K [0x00000000e1380000, 0x00000000eb880000, 0x0000000100000000)
  eden space 98304K, 0% used [0x00000000e1380000,0x00000000e1380000,0x00000000e7380000)
  from space 8192K, 99% used [0x00000000e7380000,0x00000000e7b7f810,0x00000000e7b80000)
  to   space 9728K, 0% used [0x00000000eaf00000,0x00000000eaf00000,0x00000000eb880000)
 ParOldGen       total 47104K, used 7077K [0x00000000a3a00000, 0x00000000a6800000, 0x00000000e1380000)
  object space 47104K, 15% used [0x00000000a3a00000,0x00000000a40e97e8,0x00000000a6800000)
 Metaspace       used 25211K, capacity 25580K, committed 25856K, reserved 1071104K
  class space    used 3151K, capacity 3257K, committed 3328K, reserved 1048576K
}
Event: 4.413 GC heap before
{Heap before GC invocations=9 (full 1):
 PSYoungGen      total 106496K, used 106494K [0x00000000e1380000, 0x00000000eb880000, 0x0000000100000000)
  eden space 98304K, 100% used [0x00000000e1380000,0x00000000e7380000,0x00000000e7380000)
  from space 8192K, 99% used [0x00000000e7380000,0x00000000e7b7f810,0x00000000e7b80000)
  to   space 9728K, 0% used [0x00000000eaf00000,0x00000000eaf00000,0x00000000eb880000)
 ParOldGen       total 47104K, used 7077K [0x00000000a3a00000, 0x00000000a6800000, 0x00000000e1380000)
  object space 47104K, 15% used [0x00000000a3a00000,0x00000000a40e97e8,0x00000000a6800000)
 Metaspace       used 28114K, capacity 28472K, committed 28800K, reserved 1075200K
  class space    used 3530K, capacity 3627K, committed 3712K, reserved 1048576K
Event: 4.426 GC heap after
Heap after GC invocations=9 (full 1):
 PSYoungGen      total 157696K, used 9725K [0x00000000e1380000, 0x00000000eba00000, 0x0000000100000000)
  eden space 147968K, 0% used [0x00000000e1380000,0x00000000e1380000,0x00000000ea400000)
  from space 9728K, 99% used [0x00000000eaf00000,0x00000000eb87f6e8,0x00000000eb880000)
  to   space 11264K, 0% used [0x00000000ea400000,0x00000000ea400000,0x00000000eaf00000)
 ParOldGen       total 47104K, used 7151K [0x00000000a3a00000, 0x00000000a6800000, 0x00000000e1380000)
  object space 47104K, 15% used [0x00000000a3a00000,0x00000000a40fbe28,0x00000000a6800000)
 Metaspace       used 28114K, capacity 28472K, committed 28800K, reserved 1075200K
  class space    used 3530K, capacity 3627K, committed 3712K, reserved 1048576K
}
Event: 5.614 GC heap before
{Heap before GC invocations=10 (full 1):
 PSYoungGen      total 157696K, used 157693K [0x00000000e1380000, 0x00000000eba00000, 0x0000000100000000)
  eden space 147968K, 100% used [0x00000000e1380000,0x00000000ea400000,0x00000000ea400000)
  from space 9728K, 99% used [0x00000000eaf00000,0x00000000eb87f6e8,0x00000000eb880000)
  to   space 11264K, 0% used [0x00000000ea400000,0x00000000ea400000,0x00000000eaf00000)
 ParOldGen       total 47104K, used 7151K [0x00000000a3a00000, 0x00000000a6800000, 0x00000000e1380000)
  object space 47104K, 15% used [0x00000000a3a00000,0x00000000a40fbe28,0x00000000a6800000)
 Metaspace       used 31019K, capacity 31488K, committed 31744K, reserved 1077248K
  class space    used 3898K, capacity 4023K, committed 4096K, reserved 1048576K

Deoptimization events (10 events):
Event: 4.792 Thread 0x00007f847c00b000 Uncommon trap: reason=unstable_if action=reinterpret pc=0x00007f846db1efd0 method=org.springframework.asm.Frame.merge(Lorg/springframework/asm/ClassWriter;I[II)Z @ 80
Event: 4.792 Thread 0x00007f847c00b000 Uncommon trap: reason=unstable_if action=reinterpret pc=0x00007f846da587a4 method=org.springframework.asm.Frame.merge(Lorg/springframework/asm/ClassWriter;I[II)Z @ 80
Event: 4.804 Thread 0x00007f847c00b000 Uncommon trap: reason=unstable_if action=reinterpret pc=0x00007f846da0500c method=org.springframework.asm.Type.getDescriptor(Ljava/lang/StringBuilder;Ljava/lang/Class;)V @ 39
Event: 5.022 Thread 0x00007f847c00b000 Uncommon trap: reason=unstable_if action=reinterpret pc=0x00007f846dbaf6fc method=org.springframework.beans.factory.support.AbstractBeanFactory.isTypeMatch(Ljava/lang/String;Lorg/springframework/core/ResolvableType;)Z @ 56
Event: 5.466 Thread 0x00007f847c00b000 Uncommon trap: reason=null_check action=make_not_entrant pc=0x00007f846dac5708 method=org.springframework.util.ClassUtils.isAssignable(Ljava/lang/Class;Ljava/lang/Class;)Z @ 14
Event: 5.537 Thread 0x00007f847c00b000 Uncommon trap: reason=unstable_if action=reinterpret pc=0x00007f846d6b4560 method=java.util.regex.Pattern$CharProperty$1.isSatisfiedBy(I)Z @ 8
Event: 5.537 Thread 0x00007f847c00b000 Uncommon trap: reason=unstable_if action=reinterpret pc=0x00007f846d708ba4 method=java.util.regex.Pattern$CharProperty$1.isSatisfiedBy(I)Z @ 8
Event: 5.543 Thread 0x00007f847c00b000 Uncommon trap: reason=bimorphic action=maybe_recompile pc=0x00007f846db48e34 method=java.net.URL.<init>(Ljava/net/URL;Ljava/lang/String;Ljava/net/URLStreamHandler;)V @ 504
Event: 5.543 Thread 0x00007f847c00b000 Uncommon trap: reason=bimorphic action=maybe_recompile pc=0x00007f846db48e34 method=java.net.URL.<init>(Ljava/net/URL;Ljava/lang/String;Ljava/net/URLStreamHandler;)V @ 504
Event: 5.557 Thread 0x00007f847c00b000 Uncommon trap: reason=bimorphic action=maybe_recompile pc=0x00007f846d48a650 method=java.util.concurrent.ConcurrentHashMap.putVal(Ljava/lang/Object;Ljava/lang/Object;Z)Ljava/lang/Object; @ 192

Classes redefined (0 events):
No events

Internal exceptions (10 events):
Event: 5.477 Thread 0x00007f847c00b000 Exception <a 'java/lang/ClassNotFoundException': java/io/CloseableCustomizer> (0x00000000e9b04578) thrown at [/HUDSON/workspace/8-2-build-linux-amd64/jdk8u201/12317/hotspot/src/share/vm/classfile/systemDictionary.cpp, line 210]
Event: 5.482 Thread 0x00007f847c00b000 Exception <a 'java/lang/ClassNotFoundException': java/lang/ObjectCustomizer> (0x00000000e9b368c0) thrown at [/HUDSON/workspace/8-2-build-linux-amd64/jdk8u201/12317/hotspot/src/share/vm/classfile/systemDictionary.cpp, line 210]
Event: 5.483 Thread 0x00007f847c00b000 Exception <a 'java/lang/ClassNotFoundException': org/springframework/cloud/netflix/eureka/metadata/DefaultManagementMetadataProviderCustomizer> (0x00000000e9b670a0) thrown at [/HUDSON/workspace/8-2-build-linux-amd64/jdk8u201/12317/hotspot/src/share/vm/cla
Event: 5.484 Thread 0x00007f847c00b000 Exception <a 'java/lang/ClassNotFoundException': org/springframework/cloud/netflix/eureka/metadata/ManagementMetadataProviderCustomizer> (0x00000000e9b94e50) thrown at [/HUDSON/workspace/8-2-build-linux-amd64/jdk8u201/12317/hotspot/src/share/vm/classfile/
Event: 5.545 Thread 0x00007f847c00b000 Exception <a 'java/lang/ClassNotFoundException': java/lang/ObjectCustomizer> (0x00000000e9cf4d28) thrown at [/HUDSON/workspace/8-2-build-linux-amd64/jdk8u201/12317/hotspot/src/share/vm/classfile/systemDictionary.cpp, line 210]
Event: 5.546 Thread 0x00007f847c00b000 Exception <a 'java/lang/ClassNotFoundException': org/springframework/cloud/netflix/eureka/EurekaInstanceConfigBeanCustomizer> (0x00000000e9d1edd0) thrown at [/HUDSON/workspace/8-2-build-linux-amd64/jdk8u201/12317/hotspot/src/share/vm/classfile/systemDicti
Event: 5.549 Thread 0x00007f847c00b000 Exception <a 'java/lang/ClassNotFoundException': org/springframework/cloud/netflix/eureka/CloudEurekaInstanceConfigCustomizer> (0x00000000e9e984a8) thrown at [/HUDSON/workspace/8-2-build-linux-amd64/jdk8u201/12317/hotspot/src/share/vm/classfile/systemDict
Event: 5.550 Thread 0x00007f847c00b000 Exception <a 'java/lang/ClassNotFoundException': org/springframework/context/EnvironmentAwareCustomizer> (0x00000000e9eba610) thrown at [/HUDSON/workspace/8-2-build-linux-amd64/jdk8u201/12317/hotspot/src/share/vm/classfile/systemDictionary.cpp, line 210]
Event: 5.611 Thread 0x00007f847c00b000 Exception <a 'java/lang/ClassNotFoundException': java/lang/ObjectCustomizer> (0x00000000ea37de98) thrown at [/HUDSON/workspace/8-2-build-linux-amd64/jdk8u201/12317/hotspot/src/share/vm/classfile/systemDictionary.cpp, line 210]
Event: 5.611 Thread 0x00007f847c00b000 Exception <a 'java/lang/ClassNotFoundException': org/springframework/cloud/netflix/eureka/EurekaClientConfigBeanCustomizer> (0x00000000ea3a68e0) thrown at [/HUDSON/workspace/8-2-build-linux-amd64/jdk8u201/12317/hotspot/src/share/vm/classfile/systemDiction

Events (10 events):
Event: 5.610 loading class java/lang/ObjectCustomizer done
Event: 5.611 loading class java/lang/ObjectCustomizer
Event: 5.611 loading class java/lang/ObjectCustomizer done
Event: 5.611 loading class org/springframework/cloud/netflix/eureka/EurekaClientConfigBeanCustomizer
Event: 5.611 loading class org/springframework/cloud/netflix/eureka/EurekaClientConfigBeanCustomizer done
Event: 5.611 loading class org/springframework/cloud/netflix/eureka/EurekaClientConfigBeanCustomizer
Event: 5.611 loading class org/springframework/cloud/netflix/eureka/EurekaClientConfigBeanCustomizer done
Event: 5.611 loading class org/springframework/cloud/netflix/eureka/EurekaClientConfigBeanCustomizer
Event: 5.611 loading class org/springframework/cloud/netflix/eureka/EurekaClientConfigBeanCustomizer done
Event: 5.613 Executing VM operation: ParallelGCFailedAllocation


Dynamic libraries:
00400000-00401000 r-xp 00000000 08:05 930468                             /usr/lib/jvm/java-8-oracle/jre/bin/java
00600000-00601000 r--p 00000000 08:05 930468                             /usr/lib/jvm/java-8-oracle/jre/bin/java
00601000-00602000 rw-p 00001000 08:05 930468                             /usr/lib/jvm/java-8-oracle/jre/bin/java
01e02000-01e23000 rw-p 00000000 00:00 0                                  [heap]
a3a00000-a6800000 rw-p 00000000 00:00 0 
a6800000-e1380000 ---p 00000000 00:00 0 
e1380000-eba00000 rw-p 00000000 00:00 0 
ef600000-100000000 ---p 00000000 00:00 0 
100000000-100400000 rw-p 00000000 00:00 0 
100400000-140000000 ---p 00000000 00:00 0 
7f842f197000-7f842f297000 rw-p 00000000 00:00 0 
7f842f297000-7f842f397000 ---p 00000000 00:00 0 
7f842f397000-7f842f597000 rw-p 00000000 00:00 0 
7f842f5ee000-7f842f7ee000 rw-p 00000000 00:00 0 
7f842f7ee000-7f842f9ee000 rw-p 00000000 00:00 0 
7f842f9ee000-7f842fbee000 rw-p 00000000 00:00 0 
7f842fbee000-7f842fbff000 r-xp 00000000 08:05 1311880                    /usr/lib/jvm/java-8-oracle/jre/lib/amd64/libnio.so
7f842fbff000-7f842fdfe000 ---p 00011000 08:05 1311880                    /usr/lib/jvm/java-8-oracle/jre/lib/amd64/libnio.so
7f842fdfe000-7f842fdff000 r--p 00010000 08:05 1311880                    /usr/lib/jvm/java-8-oracle/jre/lib/amd64/libnio.so
7f842fdff000-7f842fe00000 rw-p 00011000 08:05 1311880                    /usr/lib/jvm/java-8-oracle/jre/lib/amd64/libnio.so
7f842fe00000-7f8430000000 rw-p 00000000 00:00 0 
7f8430000000-7f8430021000 rw-p 00000000 00:00 0 
7f8430021000-7f8434000000 ---p 00000000 00:00 0 
7f8434000000-7f84342c7000 rw-p 00000000 00:00 0 
7f84342c7000-7f8438000000 ---p 00000000 00:00 0 
7f8438000000-7f84392cb000 rw-p 00000000 00:00 0 
7f84392cb000-7f843c000000 ---p 00000000 00:00 0 
7f843c000000-7f843c021000 rw-p 00000000 00:00 0 
7f843c021000-7f8440000000 ---p 00000000 00:00 0 
7f8440000000-7f8441fb2000 rw-p 00000000 00:00 0 
7f8441fb2000-7f8444000000 ---p 00000000 00:00 0 
7f8444000000-7f8445aef000 rw-p 00000000 00:00 0 
7f8445aef000-7f8448000000 ---p 00000000 00:00 0 
7f8448000000-7f8448021000 rw-p 00000000 00:00 0 
7f8448021000-7f844c000000 ---p 00000000 00:00 0 
7f844c000000-7f844c021000 rw-p 00000000 00:00 0 
7f844c021000-7f8450000000 ---p 00000000 00:00 0 
7f8450000000-7f845029b000 rw-p 00000000 00:00 0 
7f845029b000-7f8454000000 ---p 00000000 00:00 0 
7f8454000000-7f8454021000 rw-p 00000000 00:00 0 
7f8454021000-7f8458000000 ---p 00000000 00:00 0 
7f8458000000-7f8458021000 rw-p 00000000 00:00 0 
7f8458021000-7f845c000000 ---p 00000000 00:00 0 
7f845c000000-7f845c02e000 rw-p 00000000 00:00 0 
7f845c02e000-7f8460000000 ---p 00000000 00:00 0 
7f8460000000-7f8460021000 rw-p 00000000 00:00 0 
7f8460021000-7f8464000000 ---p 00000000 00:00 0 
7f8464189000-7f8464389000 rw-p 00000000 00:00 0 
7f8464389000-7f8464589000 rw-p 00000000 00:00 0 
7f8464589000-7f8464789000 rw-p 00000000 00:00 0 
7f8464789000-7f8464792000 r-xp 00000000 08:05 1311896                    /usr/lib/jvm/java-8-oracle/jre/lib/amd64/libmanagement.so
7f8464792000-7f8464991000 ---p 00009000 08:05 1311896                    /usr/lib/jvm/java-8-oracle/jre/lib/amd64/libmanagement.so
7f8464991000-7f8464992000 r--p 00008000 08:05 1311896                    /usr/lib/jvm/java-8-oracle/jre/lib/amd64/libmanagement.so
7f8464992000-7f8464993000 rw-p 00009000 08:05 1311896                    /usr/lib/jvm/java-8-oracle/jre/lib/amd64/libmanagement.so
7f8464993000-7f84649aa000 r-xp 00000000 08:05 1836228                    /lib/x86_64-linux-gnu/libresolv-2.27.so
7f84649aa000-7f8464baa000 ---p 00017000 08:05 1836228                    /lib/x86_64-linux-gnu/libresolv-2.27.so
7f8464baa000-7f8464bab000 r--p 00017000 08:05 1836228                    /lib/x86_64-linux-gnu/libresolv-2.27.so
7f8464bab000-7f8464bac000 rw-p 00018000 08:05 1836228                    /lib/x86_64-linux-gnu/libresolv-2.27.so
7f8464bac000-7f8464bae000 rw-p 00000000 00:00 0 
7f8464bae000-7f8464bb3000 r-xp 00000000 08:05 1836221                    /lib/x86_64-linux-gnu/libnss_dns-2.27.so
7f8464bb3000-7f8464db3000 ---p 00005000 08:05 1836221                    /lib/x86_64-linux-gnu/libnss_dns-2.27.so
7f8464db3000-7f8464db4000 r--p 00005000 08:05 1836221                    /lib/x86_64-linux-gnu/libnss_dns-2.27.so
7f8464db4000-7f8464db5000 rw-p 00006000 08:05 1836221                    /lib/x86_64-linux-gnu/libnss_dns-2.27.so
7f8464db5000-7f8464db7000 r-xp 00000000 08:05 1847397                    /lib/x86_64-linux-gnu/libnss_mdns4_minimal.so.2
7f8464db7000-7f8464fb6000 ---p 00002000 08:05 1847397                    /lib/x86_64-linux-gnu/libnss_mdns4_minimal.so.2
7f8464fb6000-7f8464fb7000 r--p 00001000 08:05 1847397                    /lib/x86_64-linux-gnu/libnss_mdns4_minimal.so.2
7f8464fb7000-7f8464fb8000 rw-p 00002000 08:05 1847397                    /lib/x86_64-linux-gnu/libnss_mdns4_minimal.so.2
7f8464fb8000-7f8464fce000 r-xp 00000000 08:05 1311874                    /usr/lib/jvm/java-8-oracle/jre/lib/amd64/libnet.so
7f8464fce000-7f84651ce000 ---p 00016000 08:05 1311874                    /usr/lib/jvm/java-8-oracle/jre/lib/amd64/libnet.so
7f84651ce000-7f84651cf000 r--p 00016000 08:05 1311874                    /usr/lib/jvm/java-8-oracle/jre/lib/amd64/libnet.so
7f84651cf000-7f84651d0000 rw-p 00017000 08:05 1311874                    /usr/lib/jvm/java-8-oracle/jre/lib/amd64/libnet.so
7f84651d0000-7f8468000000 rw-p 00000000 00:00 0 
7f8468000000-7f8468021000 rw-p 00000000 00:00 0 
7f8468021000-7f846c000000 ---p 00000000 00:00 0 
7f846c063000-7f846c076000 r--s 00345000 08:05 930510                     /usr/lib/jvm/java-8-oracle/jre/lib/resources.jar
7f846c076000-7f846c10c000 r--s 0110e000 08:05 1313343                    /usr/lib/jvm/java-8-oracle/jre/lib/ext/jfxrt.jar
7f846c10c000-7f846c110000 r--s 000a1000 08:05 930511                     /usr/lib/jvm/java-8-oracle/jre/lib/jsse.jar
7f846c110000-7f846c113000 ---p 00000000 00:00 0 
7f846c113000-7f846c411000 rw-p 00000000 00:00 0 
7f846c411000-7f846c41b000 r--s 00116000 08:05 1313363                    /usr/lib/jvm/java-8-oracle/jre/lib/ext/localedata.jar
7f846c41b000-7f846c437000 r--s 00393000 08:05 1313329                    /usr/lib/jvm/java-8-oracle/jre/lib/ext/cldrdata.jar
7f846c437000-7f846c43e000 r--s 00000000 08:05 934366                     /usr/lib/x86_64-linux-gnu/gconv/gconv-modules.cache
7f846c43e000-7f846c45f000 r--p 00000000 08:05 1185281                    /usr/share/locale-langpack/zh_CN/LC_MESSAGES/libc.mo
7f846c45f000-7f846c461000 r--s 0000f000 08:05 416483                     /home/smafire/.m2/repository/org/apache/maven/surefire/surefire-junit4/2.18.1/surefire-junit4-2.18.1.jar
7f846c461000-7f846c46f000 r--s 00086000 08:05 2762033                    /home/smafire/.m2/repository/org/springframework/spring-test/4.3.22.RELEASE/spring-test-4.3.22.RELEASE.jar
7f846c46f000-7f846c486000 r--s 000fe000 08:05 2762028                    /home/smafire/.m2/repository/org/springframework/spring-core/4.3.22.RELEASE/spring-core-4.3.22.RELEASE.jar
7f846c486000-7f846c487000 r--s 00004000 08:05 2753312                    /home/smafire/.m2/repository/com/vaadin/external/google/android-json/0.0.20131108.vaadin1/android-json-0.0.20131108.vaadin1.jar
7f846c487000-7f846c489000 r--s 00006000 08:05 2753309                    /home/smafire/.m2/repository/org/skyscreamer/jsonassert/1.4.0/jsonassert-1.4.0.jar
7f846c489000-7f846c48a000 r--s 0000c000 08:05 2630750                    /home/smafire/.m2/repository/org/hamcrest/hamcrest-library/1.3/hamcrest-library-1.3.jar
7f846c48a000-7f846c48c000 r--s 00009000 08:05 2630891                    /home/smafire/.m2/repository/org/hamcrest/hamcrest-core/1.3/hamcrest-core-1.3.jar
7f846c48c000-7f846c48e000 r--s 00009000 08:05 2630766                    /home/smafire/.m2/repository/org/objenesis/objenesis/2.1/objenesis-2.1.jar
7f846c48e000-7f846c4aa000 r--s 00103000 08:05 2630771                    /home/smafire/.m2/repository/org/mockito/mockito-core/1.10.19/mockito-core-1.10.19.jar
7f846c4aa000-7f846c4be000 r--s 000dc000 08:05 2630768                    /home/smafire/.m2/repository/org/assertj/assertj-core/2.6.0/assertj-core-2.6.0.jar
7f846c4be000-7f846c4c6000 r--s 00045000 08:05 2630764                    /home/smafire/.m2/repository/junit/junit/4.12/junit-4.12.jar
7f846c4c6000-7f846c4c7000 r--s 0000c000 08:05 2630762                    /home/smafire/.m2/repository/org/ow2/asm/asm/5.0.3/asm-5.0.3.jar
7f846c4c7000-7f846c4c9000 r--s 00012000 08:05 2630760                    /home/smafire/.m2/repository/net/minidev/accessors-smart/1.1/accessors-smart-1.1.jar
7f846c4c9000-7f846c4cc000 r--s 0001b000 08:05 2630759                    /home/smafire/.m2/repository/net/minidev/json-smart/2.2.1/json-smart-2.2.1.jar
7f846c4cc000-7f846c4d1000 r--s 0002e000 08:05 2630757                    /home/smafire/.m2/repository/com/jayway/jsonpath/json-path/2.2.0/json-path-2.2.0.jar
7f846c4d1000-7f846c4d7000 r--s 00019000 08:05 2762035                    /home/smafire/.m2/repository/org/springframework/boot/spring-boot-test-autoconfigure/1.5.19.RELEASE/spring-boot-test-autoconfigure-1.5.19.RELEASE.jar
7f846c4d7000-7f846c4dc000 r--s 00020000 08:05 2762064                    /home/smafire/.m2/repository/org/springframework/boot/spring-boot-test/1.5.19.RELEASE/spring-boot-test-1.5.19.RELEASE.jar
7f846c4dc000-7f846c4dd000 r--s 00000000 08:05 2762051                    /home/smafire/.m2/repository/org/springframework/boot/spring-boot-starter-test/1.5.19.RELEASE/spring-boot-starter-test-1.5.19.RELEASE.jar
7f846c4dd000-7f846c4f4000 r--s 00173000 08:05 2246898                    /home/smafire/.m2/repository/org/projectlombok/lombok/1.16.22/lombok-1.16.22.jar
7f846c4f4000-7f846c50c000 r--s 000fc000 08:05 3032213                    /home/smafire/.m2/repository/io/reactivex/rxjava/1.2.0/rxjava-1.2.0.jar
7f846c50c000-7f846c50e000 r--s 00002000 08:05 3032212                    /home/smafire/.m2/repository/com/netflix/netflix-commons/netflix-statistics/0.1.1/netflix-statistics-0.1.1.jar
7f846c50e000-7f846c512000 r--s 00024000 08:05 3032210                    /home/smafire/.m2/repository/com/netflix/ribbon/ribbon-loadbalancer/2.2.5/ribbon-loadbalancer-2.2.5.jar
7f846c512000-7f846c513000 r--s 00001000 08:05 3032178                    /home/smafire/.m2/repository/com/netflix/netflix-commons/netflix-commons-util/0.1.1/netflix-commons-util-0.1.1.jar
7f846c513000-7f846c520000 r--s 00083000 08:05 3032216                    /home/smafire/.m2/repository/commons-collections/commons-collections/3.2.2/commons-collections-3.2.2.jar
7f846c520000-7f846c522000 r--s 0000c000 08:05 3032179                    /home/smafire/.m2/repository/com/netflix/ribbon/ribbon-httpclient/2.2.5/ribbon-httpclient-2.2.5.jar
7f846c522000-7f846c527000 r--s 00041000 08:05 3018446                    /home/smafire/.m2/repository/commons-lang/commons-lang/2.6/commons-lang-2.6.jar
7f846c527000-7f846c52b000 r--s 00011000 08:05 3032169                    /home/smafire/.m2/repository/com/netflix/ribbon/ribbon-core/2.2.5/ribbon-core-2.2.5.jar
7f846c52b000-7f846c535000 r--s 00059000 08:05 3032157                    /home/smafire/.m2/repository/io/reactivex/rxnetty/0.4.9/rxnetty-0.4.9.jar
7f846c535000-7f846c536000 r--s 00000000 08:05 2754603                    /home/smafire/.m2/repository/javax/inject/javax.inject/1/javax.inject-1.jar
7f846c536000-7f846c538000 r--s 0001a000 08:05 3031722                    /home/smafire/.m2/repository/org/hdrhistogram/HdrHistogram/2.1.9/HdrHistogram-2.1.9.jar
7f846c538000-7f846c544000 r--s 00068000 08:05 3032195                    /home/smafire/.m2/repository/com/netflix/hystrix/hystrix-core/1.5.12/hystrix-core-1.5.12.jar
7f846c544000-7f846c546000 r--s 00006000 08:05 3032194                    /home/smafire/.m2/repository/io/reactivex/rxnetty-servo/0.4.9/rxnetty-servo-0.4.9.jar
7f846c546000-7f846c549000 r--s 0000b000 08:05 3032206                    /home/smafire/.m2/repository/io/reactivex/rxnetty-contexts/0.4.9/rxnetty-contexts-0.4.9.jar
7f846c549000-7f846c54a000 r--s 00009000 08:05 3032155                    /home/smafire/.m2/repository/com/netflix/ribbon/ribbon-transport/2.2.5/ribbon-transport-2.2.5.jar
7f846c54a000-7f846c54e000 r--s 00012000 08:05 3032199                    /home/smafire/.m2/repository/com/netflix/ribbon/ribbon/2.2.5/ribbon-2.2.5.jar
7f846c54e000-7f846c54f000 r--s 00000000 08:05 3032113                    /home/smafire/.m2/repository/org/springframework/cloud/spring-cloud-starter-netflix-ribbon/1.4.6.RELEASE/spring-cloud-starter-netflix-ribbon-1.4.6.RELEASE.jar
7f846c54f000-7f846c551000 r--s 00005000 08:05 2756204                    /home/smafire/.m2/repository/xpp3/xpp3_min/1.1.4c/xpp3_min-1.1.4c.jar
7f846c551000-7f846c552000 r--s 00001000 08:05 2756203                    /home/smafire/.m2/repository/xmlpull/xmlpull/1.1.3.1/xmlpull-1.1.3.1.jar
7f846c552000-7f846c560000 r--s 00082000 08:05 3032154                    /home/smafire/.m2/repository/com/thoughtworks/xstream/xstream/1.4.10/xstream-1.4.10.jar
7f846c560000-7f846c562000 r--s 00009000 08:05 2496192                    /home/smafire/.m2/repository/org/slf4j/slf4j-api/1.7.25/slf4j-api-1.7.25.jar
7f846c562000-7f846c564000 r--s 00003000 08:05 3032172                    /home/smafire/.m2/repository/com/netflix/ribbon/ribbon-eureka/2.2.5/ribbon-eureka-2.2.5.jar
7f846c564000-7f846c58f000 r--s 001fc000 08:05 2755915                    /home/smafire/.m2/repository/com/google/guava/guava/18.0/guava-18.0.jar
7f846c58f000-7f846c596000 r--s 00050000 08:05 3032215                    /home/smafire/.m2/repository/commons-configuration/commons-configuration/1.8/commons-configuration-1.8.jar
7f846c596000-7f846c597000 r--s 00000000 08:05 3032189                    /home/smafire/.m2/repository/org/springframework/cloud/spring-cloud-starter-netflix-archaius/1.4.6.RELEASE/spring-cloud-starter-netflix-archaius-1.4.6.RELEASE.jar
7f846c597000-7f846c59b000 r--s 00024000 08:05 3032160                    /home/smafire/.m2/repository/org/codehaus/woodstox/stax2-api/3.1.4/stax2-api-3.1.4.jar
7f846c59b000-7f846c59d000 r--s 00004000 08:05 3032137                    /home/smafire/.m2/repository/javax/xml/stream/stax-api/1.0-2/stax-api-1.0-2.jar
7f846c59d000-7f846c5a3000 r--s 00071000 08:05 3032158                    /home/smafire/.m2/repository/org/codehaus/woodstox/woodstox-core-asl/4.4.1/woodstox-core-asl-4.4.1.jar
7f846c5a3000-7f846c5a8000 r--s 00039000 08:05 3032153                    /home/smafire/.m2/repository/com/netflix/eureka/eureka-core/1.7.2/eureka-core-1.7.2.jar
7f846c5a8000-7f846c5aa000 r--s 00000000 08:05 2755587                    /home/smafire/.m2/repository/aopalliance/aopalliance/1.0/aopalliance-1.0.jar
7f846c5aa000-7f846c5b8000 r--s 00097000 08:05 3032170                    /home/smafire/.m2/repository/com/google/inject/guice/4.1.0/guice-4.1.0.jar
7f846c5b8000-7f846c5bf000 r--s 0003f000 08:05 3015582                    /home/smafire/.m2/repository/commons-codec/commons-codec/1.10/commons-codec-1.10.jar
7f846c5bf000-7f846c5c6000 r--s 00049000 08:05 3032111                    /home/smafire/.m2/repository/org/apache/httpcomponents/httpcore/4.4.10/httpcore-4.4.10.jar
7f846c5c6000-7f846c5d3000 r--s 000af000 08:05 2767938                    /home/smafire/.m2/repository/org/apache/httpcomponents/httpclient/4.5.6/httpclient-4.5.6.jar
7f846c5d3000-7f846c5d5000 r--s 00003000 08:05 3032202                    /home/smafire/.m2/repository/com/sun/jersey/contribs/jersey-apache-client4/1.19.1/jersey-apache-client4-1.19.1.jar
7f846c5d5000-7f846c5d8000 r--s 0001e000 08:05 3032209                    /home/smafire/.m2/repository/com/sun/jersey/jersey-client/1.19.1/jersey-client-1.19.1.jar
7f846c5d8000-7f846c5e2000 r--s 00061000 08:05 3032161                    /home/smafire/.m2/repository/com/sun/jersey/jersey-core/1.19.1/jersey-core-1.19.1.jar
7f846c5e2000-7f846c5e6000 r--s 00027000 08:05 3032164                    /home/smafire/.m2/repository/com/netflix/servo/servo-internal/0.10.1/servo-internal-0.10.1.jar
7f846c5e6000-7f846c5eb000 r--s 00032000 08:05 3032229                    /home/smafire/.m2/repository/com/netflix/servo/servo-core/0.10.1/servo-core-0.10.1.jar
7f846c5eb000-7f846c5ed000 r--s 0000a000 08:05 3032181                    /home/smafire/.m2/repository/javax/ws/rs/jsr311-api/1.1.1/jsr311-api-1.1.1.jar
7f846c5ed000-7f846c5f1000 r--s 0001e000 08:05 3032207                    /home/smafire/.m2/repository/com/netflix/archaius/archaius-core/0.7.4/archaius-core-0.7.4.jar
7f846c5f1000-7f846c604000 r--s 000df000 08:05 3032140                    /home/smafire/.m2/repository/org/apache/commons/commons-math/2.2/commons-math-2.2.jar
7f846c604000-7f846c609000 r--s 00036000 08:05 3032147                    /home/smafire/.m2/repository/com/google/code/gson/gson/2.8.5/gson-2.8.5.jar
7f846c609000-7f846c60e000 r--s 00068000 08:05 3032129                    /home/smafire/.m2/repository/antlr/antlr/2.7.7/antlr-2.7.7.jar
7f846c60e000-7f846c611000 r--s 00022000 08:05 3032146                    /home/smafire/.m2/repository/org/antlr/stringtemplate/3.2.1/stringtemplate-3.2.1.jar
7f846c611000-7f846c615000 r--s 00025000 08:05 3032144                    /home/smafire/.m2/repository/org/antlr/antlr-runtime/3.4/antlr-runtime-3.4.jar
7f846c615000-7f846c626000 r--s 0008a000 08:05 3032141                    /home/smafire/.m2/repository/joda-time/joda-time/2.9.9/joda-time-2.9.9.jar
7f846c626000-7f846c62c000 r--s 00044000 08:05 3032139                    /home/smafire/.m2/repository/commons-jxpath/commons-jxpath/1.3/commons-jxpath-1.3.jar
7f846c62c000-7f846c62f000 r--s 00016000 08:05 3032138                    /home/smafire/.m2/repository/com/netflix/netflix-commons/netflix-infix/0.3.0/netflix-infix-0.3.0.jar
7f846c62f000-7f846c631000 r--s 0000f000 08:05 3032135                    /home/smafire/.m2/repository/com/netflix/netflix-commons/netflix-eventbus/0.3.0/netflix-eventbus-0.3.0.jar
7f846c631000-7f846c633000 r--s 00005000 08:05 3016054                    /home/smafire/.m2/repository/stax/stax-api/1.0.1/stax-api-1.0.1.jar
7f846c633000-7f846c636000 r--s 00012000 08:05 3032124                    /home/smafire/.m2/repository/org/codehaus/jettison/jettison/1.3.7/jettison-1.3.7.jar
7f846c636000-7f846c640000 r--s 0005b000 08:05 3032231                    /home/smafire/.m2/repository/com/netflix/eureka/eureka-client/1.7.2/eureka-client-1.7.2.jar
7f846c640000-7f846c644000 r--s 00014000 08:05 3032130                    /home/smafire/.m2/repository/org/springframework/cloud/spring-cloud-netflix-eureka-client/1.4.6.RELEASE/spring-cloud-netflix-eureka-client-1.4.6.RELEASE.jar
7f846c644000-7f846c64f000 r--s 00060000 08:05 3032196                    /home/smafire/.m2/repository/org/springframework/cloud/spring-cloud-netflix-core/1.4.6.RELEASE/spring-cloud-netflix-core-1.4.6.RELEASE.jar
7f846c64f000-7f846c699000 r--s 002f4000 08:05 3015570                    /home/smafire/.m2/repository/org/bouncycastle/bcprov-jdk15on/1.55/bcprov-jdk15on-1.55.jar
7f846c699000-7f846c6aa000 r--s 00096000 08:05 3015547                    /home/smafire/.m2/repository/org/bouncycastle/bcpkix-jdk15on/1.55/bcpkix-jdk15on-1.55.jar
7f846c6aa000-7f846c6ab000 r--s 00004000 08:05 3015569                    /home/smafire/.m2/repository/org/springframework/security/spring-security-rsa/1.0.3.RELEASE/spring-security-rsa-1.0.3.RELEASE.jar
7f846c6ab000-7f846c6b1000 r--s 0001b000 08:05 3032125                    /home/smafire/.m2/repository/org/springframework/cloud/spring-cloud-commons/1.3.5.RELEASE/spring-cloud-commons-1.3.5.RELEASE.jar
7f846c6b1000-7f846c6b3000 r--s 00010000 08:05 2367353                    /home/smafire/.m2/repository/org/springframework/security/spring-security-crypto/4.2.11.RELEASE/spring-security-crypto-4.2.11.RELEASE.jar
7f846c6b3000-7f846c6b7000 r--s 00015000 08:05 3032112                    /home/smafire/.m2/repository/org/springframework/cloud/spring-cloud-context/1.3.5.RELEASE/spring-cloud-context-1.3.5.RELEASE.jar
7f846c6b7000-7f846c6b8000 r--s 00000000 08:05 3032143                    /home/smafire/.m2/repository/org/springframework/cloud/spring-cloud-starter/1.3.5.RELEASE/spring-cloud-starter-1.3.5.RELEASE.jar
7f846c6b8000-7f846c6be000 r--s 0003e000 08:05 2762052                    /home/smafire/.m2/repository/org/springframework/spring-expression/4.3.22.RELEASE/spring-expression-4.3.22.RELEASE.jar
7f846c6be000-7f846c6cf000 r--s 000d0000 08:05 2762049                    /home/smafire/.m2/repository/org/springframework/spring-webmvc/4.3.22.RELEASE/spring-webmvc-4.3.22.RELEASE.jar
7f846c6cf000-7f846c6dd000 r--s 000ad000 08:05 2762061                    /home/smafire/.m2/repository/org/springframework/spring-beans/4.3.22.RELEASE/spring-beans-4.3.22.RELEASE.jar
7f846c6dd000-7f846c6e6000 r--s 00054000 08:05 2762042                    /home/smafire/.m2/repository/org/springframework/spring-aop/4.3.22.RELEASE/spring-aop-4.3.22.RELEASE.jar
7f846c6e6000-7f846c6f8000 r--s 000b9000 08:05 2762048                    /home/smafire/.m2/repository/org/springframework/spring-web/4.3.22.RELEASE/spring-web-4.3.22.RELEASE.jar
7f846c6f8000-7f846c6fc000 r--s 00042000 08:05 2762041                    /home/smafire/.m2/repository/com/fasterxml/jackson/core/jackson-core/2.8.11/jackson-core-2.8.11.jar
7f846c6fc000-7f846c6ff000 r--s 0000b000 08:05 2117666                    /home/smafire/.m2/repository/com/fasterxml/jackson/core/jackson-annotations/2.8.0/jackson-annotations-2.8.0.jar
7f846c6ff000-7f846c711000 r--s 0011f000 08:05 2762027                    /home/smafire/.m2/repository/com/fasterxml/jackson/core/jackson-databind/2.8.11.3/jackson-databind-2.8.11.3.jar
7f846c711000-7f846c713000 r--s 0000e000 08:05 2371580                    /home/smafire/.m2/repository/com/fasterxml/classmate/1.3.4/classmate-1.3.4.jar
7f846c713000-7f846c724000 r--s 000a1000 08:05 3031397                    /home/smafire/.m2/repository/org/hibernate/hibernate-validator/5.3.6.Final/hibernate-validator-5.3.6.Final.jar
7f846c724000-7f846c74e000 r--s 002d8000 08:05 3031391                    /home/smafire/.m2/repository/org/apache/tomcat/embed/tomcat-embed-core/8.5.37/tomcat-embed-core-8.5.37.jar
7f846c74e000-7f846c768000 r--s 000fe000 08:05 2762044                    /home/smafire/.m2/repository/org/springframework/spring-context/4.3.22.RELEASE/spring-context-4.3.22.RELEASE.jar
7f846c768000-7f846c769000 ---p 00000000 00:00 0 
7f846c769000-7f846c869000 rw-p 00000000 00:00 0 
7f846c869000-7f846c86c000 ---p 00000000 00:00 0 
7f846c86c000-7f846c96a000 rw-p 00000000 00:00 0 
7f846c96a000-7f846c96b000 ---p 00000000 00:00 0 
7f846c96b000-7f846c96e000 ---p 00000000 00:00 0 
7f846c96e000-7f846ca6b000 rw-p 00000000 00:00 0 
7f846ca6b000-7f846ca6c000 ---p 00000000 00:00 0 
7f846ca6c000-7f846ca6f000 ---p 00000000 00:00 0 
7f846ca6f000-7f846cb6c000 rw-p 00000000 00:00 0 
7f846cb6c000-7f846d000000 r--p 00000000 08:05 656162                     /usr/lib/locale/locale-archive
7f846d000000-7f846dd30000 rwxp 00000000 00:00 0 
7f846dd30000-7f847c000000 ---p 00000000 00:00 0 
7f847c000000-7f847d57b000 rw-p 00000000 00:00 0 
7f847d57b000-7f8480000000 ---p 00000000 00:00 0 
7f8480000000-7f8480001000 r--s 00000000 08:05 3032239                    /home/smafire/.m2/repository/org/springframework/cloud/spring-cloud-starter-netflix-eureka-client/1.4.6.RELEASE/spring-cloud-starter-netflix-eureka-client-1.4.6.RELEASE.jar
7f8480001000-7f8480003000 r--s 0000f000 08:05 414762                     /home/smafire/.m2/repository/org/jboss/logging/jboss-logging/3.3.2.Final/jboss-logging-3.3.2.Final.jar
7f8480003000-7f8480007000 r--s 0000c000 08:05 3015562                    /home/smafire/.m2/repository/javax/validation/validation-api/1.1.0.Final/validation-api-1.1.0.Final.jar
7f8480007000-7f848000c000 r--s 0003a000 08:05 3031395                    /home/smafire/.m2/repository/org/apache/tomcat/embed/tomcat-embed-websocket/8.5.37/tomcat-embed-websocket-8.5.37.jar
7f848000c000-7f8480011000 r--s 00038000 08:05 3031393                    /home/smafire/.m2/repository/org/apache/tomcat/embed/tomcat-embed-el/8.5.37/tomcat-embed-el-8.5.37.jar
7f8480011000-7f8480013000 r--s 00002000 08:05 2762039                    /home/smafire/.m2/repository/org/apache/tomcat/tomcat-annotations-api/8.5.37/tomcat-annotations-api-8.5.37.jar
7f8480013000-7f8480014000 r--s 00000000 08:05 3031389                    /home/smafire/.m2/repository/org/springframework/boot/spring-boot-starter-tomcat/1.5.19.RELEASE/spring-boot-starter-tomcat-1.5.19.RELEASE.jar
7f8480014000-7f8480024000 r--s 00079000 08:05 3031496                    /home/smafire/.m2/repository/org/springframework/boot/spring-boot-actuator/1.5.19.RELEASE/spring-boot-actuator-1.5.19.RELEASE.jar
7f8480024000-7f848002a000 r--s 0003d000 08:05 2496176                    /home/smafire/.m2/repository/org/yaml/snakeyaml/1.17/snakeyaml-1.17.jar
7f848002a000-7f8480035000 r--s 0006a000 08:05 2496164                    /home/smafire/.m2/repository/ch/qos/logback/logback-core/1.1.11/logback-core-1.1.11.jar
7f8480035000-7f8480055000 r--s 000e7000 08:05 2762053                    /home/smafire/.m2/repository/org/springframework/boot/spring-boot-autoconfigure/1.5.19.RELEASE/spring-boot-autoconfigure-1.5.19.RELEASE.jar
7f8480055000-7f8480056000 ---p 00000000 00:00 0 
7f8480056000-7f8480059000 ---p 00000000 00:00 0 
7f8480059000-7f8480156000 rw-p 00000000 00:00 0 
7f8480156000-7f8480159000 ---p 00000000 00:00 0 
7f8480159000-7f8480257000 rw-p 00000000 00:00 0 
7f8480257000-7f848025a000 ---p 00000000 00:00 0 
7f848025a000-7f8480358000 rw-p 00000000 00:00 0 
7f8480358000-7f848035b000 ---p 00000000 00:00 0 
7f848035b000-7f8480459000 rw-p 00000000 00:00 0 
7f8480459000-7f848045a000 ---p 00000000 00:00 0 
7f848045a000-7f8481469000 rw-p 00000000 00:00 0 
7f8481469000-7f8481643000 r--s 03d6f000 08:05 930501                     /usr/lib/jvm/java-8-oracle/jre/lib/rt.jar
7f8481643000-7f848219c000 rw-p 00000000 00:00 0 
7f848219c000-7f848219d000 ---p 00000000 00:00 0 
7f848219d000-7f848229d000 rw-p 00000000 00:00 0 
7f848229d000-7f848229e000 ---p 00000000 00:00 0 
7f848229e000-7f848239e000 rw-p 00000000 00:00 0 
7f848239e000-7f848239f000 ---p 00000000 00:00 0 
7f848239f000-7f848249f000 rw-p 00000000 00:00 0 
7f848249f000-7f84824a0000 ---p 00000000 00:00 0 
7f84824a0000-7f84825b7000 rw-p 00000000 00:00 0 
7f84825b7000-7f848278d000 ---p 00000000 00:00 0 
7f848278d000-7f84827a4000 rw-p 00000000 00:00 0 
7f84827a4000-7f8482979000 ---p 00000000 00:00 0 
7f8482979000-7f84829cd000 rw-p 00000000 00:00 0 
7f84829cd000-7f8482a70000 ---p 00000000 00:00 0 
7f8482a70000-7f8482aa6000 rw-p 00000000 00:00 0 
7f8482aa6000-7f8482e31000 ---p 00000000 00:00 0 
7f8482e31000-7f8482e4c000 r-xp 00000000 08:05 1311863                    /usr/lib/jvm/java-8-oracle/jre/lib/amd64/libzip.so
7f8482e4c000-7f848304b000 ---p 0001b000 08:05 1311863                    /usr/lib/jvm/java-8-oracle/jre/lib/amd64/libzip.so
7f848304b000-7f848304c000 r--p 0001a000 08:05 1311863                    /usr/lib/jvm/java-8-oracle/jre/lib/amd64/libzip.so
7f848304c000-7f848304d000 rw-p 0001b000 08:05 1311863                    /usr/lib/jvm/java-8-oracle/jre/lib/amd64/libzip.so
7f848304d000-7f8483058000 r-xp 00000000 08:05 1836222                    /lib/x86_64-linux-gnu/libnss_files-2.27.so
7f8483058000-7f8483257000 ---p 0000b000 08:05 1836222                    /lib/x86_64-linux-gnu/libnss_files-2.27.so
7f8483257000-7f8483258000 r--p 0000a000 08:05 1836222                    /lib/x86_64-linux-gnu/libnss_files-2.27.so
7f8483258000-7f8483259000 rw-p 0000b000 08:05 1836222                    /lib/x86_64-linux-gnu/libnss_files-2.27.so
7f8483259000-7f848325f000 rw-p 00000000 00:00 0 
7f848325f000-7f8483276000 r-xp 00000000 08:05 1836219                    /lib/x86_64-linux-gnu/libnsl-2.27.so
7f8483276000-7f8483475000 ---p 00017000 08:05 1836219                    /lib/x86_64-linux-gnu/libnsl-2.27.so
7f8483475000-7f8483476000 r--p 00016000 08:05 1836219                    /lib/x86_64-linux-gnu/libnsl-2.27.so
7f8483476000-7f8483477000 rw-p 00017000 08:05 1836219                    /lib/x86_64-linux-gnu/libnsl-2.27.so
7f8483477000-7f8483479000 rw-p 00000000 00:00 0 
7f8483479000-7f8483484000 r-xp 00000000 08:05 1836224                    /lib/x86_64-linux-gnu/libnss_nis-2.27.so
7f8483484000-7f8483683000 ---p 0000b000 08:05 1836224                    /lib/x86_64-linux-gnu/libnss_nis-2.27.so
7f8483683000-7f8483684000 r--p 0000a000 08:05 1836224                    /lib/x86_64-linux-gnu/libnss_nis-2.27.so
7f8483684000-7f8483685000 rw-p 0000b000 08:05 1836224                    /lib/x86_64-linux-gnu/libnss_nis-2.27.so
7f8483685000-7f848368d000 r-xp 00000000 08:05 1836220                    /lib/x86_64-linux-gnu/libnss_compat-2.27.so
7f848368d000-7f848388d000 ---p 00008000 08:05 1836220                    /lib/x86_64-linux-gnu/libnss_compat-2.27.so
7f848388d000-7f848388e000 r--p 00008000 08:05 1836220                    /lib/x86_64-linux-gnu/libnss_compat-2.27.so
7f848388e000-7f848388f000 rw-p 00009000 08:05 1836220                    /lib/x86_64-linux-gnu/libnss_compat-2.27.so
7f848388f000-7f84838bb000 r-xp 00000000 08:05 1311784                    /usr/lib/jvm/java-8-oracle/jre/lib/amd64/libjava.so
7f84838bb000-7f8483abb000 ---p 0002c000 08:05 1311784                    /usr/lib/jvm/java-8-oracle/jre/lib/amd64/libjava.so
7f8483abb000-7f8483abc000 r--p 0002c000 08:05 1311784                    /usr/lib/jvm/java-8-oracle/jre/lib/amd64/libjava.so
7f8483abc000-7f8483abe000 rw-p 0002d000 08:05 1311784                    /usr/lib/jvm/java-8-oracle/jre/lib/amd64/libjava.so
7f8483abe000-7f8483acb000 r-xp 00000000 08:05 1311862                    /usr/lib/jvm/java-8-oracle/jre/lib/amd64/libverify.so
7f8483acb000-7f8483cca000 ---p 0000d000 08:05 1311862                    /usr/lib/jvm/java-8-oracle/jre/lib/amd64/libverify.so
7f8483cca000-7f8483ccc000 r--p 0000c000 08:05 1311862                    /usr/lib/jvm/java-8-oracle/jre/lib/amd64/libverify.so
7f8483ccc000-7f8483ccd000 rw-p 0000e000 08:05 1311862                    /usr/lib/jvm/java-8-oracle/jre/lib/amd64/libverify.so
7f8483ccd000-7f8483cd4000 r-xp 00000000 08:05 1836229                    /lib/x86_64-linux-gnu/librt-2.27.so
7f8483cd4000-7f8483ed3000 ---p 00007000 08:05 1836229                    /lib/x86_64-linux-gnu/librt-2.27.so
7f8483ed3000-7f8483ed4000 r--p 00006000 08:05 1836229                    /lib/x86_64-linux-gnu/librt-2.27.so
7f8483ed4000-7f8483ed5000 rw-p 00007000 08:05 1836229                    /lib/x86_64-linux-gnu/librt-2.27.so
7f8483ed5000-7f8484072000 r-xp 00000000 08:05 1836216                    /lib/x86_64-linux-gnu/libm-2.27.so
7f8484072000-7f8484271000 ---p 0019d000 08:05 1836216                    /lib/x86_64-linux-gnu/libm-2.27.so
7f8484271000-7f8484272000 r--p 0019c000 08:05 1836216                    /lib/x86_64-linux-gnu/libm-2.27.so
7f8484272000-7f8484273000 rw-p 0019d000 08:05 1836216                    /lib/x86_64-linux-gnu/libm-2.27.so
7f8484273000-7f8484f5b000 r-xp 00000000 08:05 1312070                    /usr/lib/jvm/java-8-oracle/jre/lib/amd64/server/libjvm.so
7f8484f5b000-7f848515a000 ---p 00ce8000 08:05 1312070                    /usr/lib/jvm/java-8-oracle/jre/lib/amd64/server/libjvm.so
7f848515a000-7f84851f0000 r--p 00ce7000 08:05 1312070                    /usr/lib/jvm/java-8-oracle/jre/lib/amd64/server/libjvm.so
7f84851f0000-7f8485221000 rw-p 00d7d000 08:05 1312070                    /usr/lib/jvm/java-8-oracle/jre/lib/amd64/server/libjvm.so
7f8485221000-7f848525c000 rw-p 00000000 00:00 0 
7f848525c000-7f8485443000 r-xp 00000000 08:05 1836212                    /lib/x86_64-linux-gnu/libc-2.27.so
7f8485443000-7f8485643000 ---p 001e7000 08:05 1836212                    /lib/x86_64-linux-gnu/libc-2.27.so
7f8485643000-7f8485647000 r--p 001e7000 08:05 1836212                    /lib/x86_64-linux-gnu/libc-2.27.so
7f8485647000-7f8485649000 rw-p 001eb000 08:05 1836212                    /lib/x86_64-linux-gnu/libc-2.27.so
7f8485649000-7f848564d000 rw-p 00000000 00:00 0 
7f848564d000-7f8485650000 r-xp 00000000 08:05 1836215                    /lib/x86_64-linux-gnu/libdl-2.27.so
7f8485650000-7f848584f000 ---p 00003000 08:05 1836215                    /lib/x86_64-linux-gnu/libdl-2.27.so
7f848584f000-7f8485850000 r--p 00002000 08:05 1836215                    /lib/x86_64-linux-gnu/libdl-2.27.so
7f8485850000-7f8485851000 rw-p 00003000 08:05 1836215                    /lib/x86_64-linux-gnu/libdl-2.27.so
7f8485851000-7f8485868000 r-xp 00000000 08:05 1311982                    /usr/lib/jvm/java-8-oracle/jre/lib/amd64/jli/libjli.so
7f8485868000-7f8485a67000 ---p 00017000 08:05 1311982                    /usr/lib/jvm/java-8-oracle/jre/lib/amd64/jli/libjli.so
7f8485a67000-7f8485a68000 r--p 00016000 08:05 1311982                    /usr/lib/jvm/java-8-oracle/jre/lib/amd64/jli/libjli.so
7f8485a68000-7f8485a69000 rw-p 00017000 08:05 1311982                    /usr/lib/jvm/java-8-oracle/jre/lib/amd64/jli/libjli.so
7f8485a69000-7f8485a83000 r-xp 00000000 08:05 1836227                    /lib/x86_64-linux-gnu/libpthread-2.27.so
7f8485a83000-7f8485c82000 ---p 0001a000 08:05 1836227                    /lib/x86_64-linux-gnu/libpthread-2.27.so
7f8485c82000-7f8485c83000 r--p 00019000 08:05 1836227                    /lib/x86_64-linux-gnu/libpthread-2.27.so
7f8485c83000-7f8485c84000 rw-p 0001a000 08:05 1836227                    /lib/x86_64-linux-gnu/libpthread-2.27.so
7f8485c84000-7f8485c88000 rw-p 00000000 00:00 0 
7f8485c88000-7f8485caf000 r-xp 00000000 08:05 1836208                    /lib/x86_64-linux-gnu/ld-2.27.so
7f8485caf000-7f8485cb0000 r--s 00000000 08:05 3031387                    /home/smafire/.m2/repository/org/springframework/boot/spring-boot-starter-web/1.5.19.RELEASE/spring-boot-starter-web-1.5.19.RELEASE.jar
7f8485cb0000-7f8485cb7000 r--s 00045000 08:05 2365424                    /home/smafire/.m2/repository/ch/qos/logback/logback-classic/1.1.11/logback-classic-1.1.11.jar
7f8485cb7000-7f8485cc8000 r--s 00097000 08:05 2762029                    /home/smafire/.m2/repository/org/springframework/boot/spring-boot/1.5.19.RELEASE/spring-boot-1.5.19.RELEASE.jar
7f8485cc8000-7f8485d8f000 rw-p 00000000 00:00 0 
7f8485d8f000-7f8485d90000 ---p 00000000 00:00 0 
7f8485d90000-7f8485d93000 ---p 00000000 00:00 0 
7f8485d93000-7f8485e94000 rw-p 00000000 00:00 0 
7f8485e94000-7f8485e96000 r--s 00004000 08:05 2496175                    /home/smafire/.m2/repository/org/slf4j/log4j-over-slf4j/1.7.25/log4j-over-slf4j-1.7.25.jar
7f8485e96000-7f8485e98000 r--s 00000000 08:05 2496171                    /home/smafire/.m2/repository/org/slf4j/jul-to-slf4j/1.7.25/jul-to-slf4j-1.7.25.jar
7f8485e98000-7f8485e9a000 r--s 00003000 08:05 2496168                    /home/smafire/.m2/repository/org/slf4j/jcl-over-slf4j/1.7.25/jcl-over-slf4j-1.7.25.jar
7f8485e9a000-7f8485e9b000 r--s 00000000 08:05 2762036                    /home/smafire/.m2/repository/org/springframework/boot/spring-boot-starter-logging/1.5.19.RELEASE/spring-boot-starter-logging-1.5.19.RELEASE.jar
7f8485e9b000-7f8485e9c000 r--s 00000000 08:05 2762025                    /home/smafire/.m2/repository/org/springframework/boot/spring-boot-starter/1.5.19.RELEASE/spring-boot-starter-1.5.19.RELEASE.jar
7f8485e9c000-7f8485e9d000 r--s 00000000 08:05 3031494                    /home/smafire/.m2/repository/org/springframework/boot/spring-boot-starter-actuator/1.5.19.RELEASE/spring-boot-starter-actuator-1.5.19.RELEASE.jar
7f8485e9d000-7f8485ea2000 r--s 00020000 08:05 2755158                    /home/smafire/.m2/repository/org/apache/maven/surefire/surefire-api/2.18.1/surefire-api-2.18.1.jar
7f8485ea2000-7f8485ea4000 r--s 00008000 08:05 2755152                    /home/smafire/.m2/repository/org/apache/maven/surefire/surefire-booter/2.18.1/surefire-booter-2.18.1.jar
7f8485ea4000-7f8485ea5000 r--s 00003000 08:05 417442                     /home/smafire/zolmo/xlab/github/back/cloud/ribbon-consumer/target/surefire/surefirebooter2061604870619779350.jar
7f8485ea5000-7f8485ead000 rw-s 00000000 08:05 525288                     /tmp/hsperfdata_smafire/5941
7f8485ead000-7f8485eae000 rw-p 00000000 00:00 0 
7f8485eae000-7f8485eaf000 ---p 00000000 00:00 0 
7f8485eaf000-7f8485eb0000 r--p 00027000 08:05 1836208                    /lib/x86_64-linux-gnu/ld-2.27.so
7f8485eb0000-7f8485eb1000 rw-p 00028000 08:05 1836208                    /lib/x86_64-linux-gnu/ld-2.27.so
7f8485eb1000-7f8485eb2000 rw-p 00000000 00:00 0 
7ffcaaf98000-7ffcaafba000 rw-p 00000000 00:00 0                          [stack]
7ffcaaff0000-7ffcaaff3000 r--p 00000000 00:00 0                          [vvar]
7ffcaaff3000-7ffcaaff5000 r-xp 00000000 00:00 0                          [vdso]
ffffffffff600000-ffffffffff601000 r-xp 00000000 00:00 0                  [vsyscall]

VM Arguments:
java_command: /home/smafire/zolmo/xlab/github/back/cloud/ribbon-consumer/target/surefire/surefirebooter2061604870619779350.jar /home/smafire/zolmo/xlab/github/back/cloud/ribbon-consumer/target/surefire/surefire7930188493824973729tmp /home/smafire/zolmo/xlab/github/back/cloud/ribbon-consumer/target/surefire/surefire_07892962792172348324tmp
java_class_path (initial): /home/smafire/zolmo/xlab/github/back/cloud/ribbon-consumer/target/surefire/surefirebooter2061604870619779350.jar
Launcher Type: SUN_STANDARD

Environment Variables:
JAVA_HOME=/usr/lib/jvm/java-8-oracle
PATH=/usr/local/sbin:/usr/local/bin:/usr/sbin:/usr/bin:/sbin:/bin:/usr/games:/usr/local/games:/snap/bin:/usr/lib/jvm/java-8-oracle/bin:/usr/lib/jvm/java-8-oracle/db/bin:/usr/lib/jvm/java-8-oracle/jre/bin:/home/smafire/zolmo/tool/sublime_text_3/
USERNAME=smafire
SHELL=/bin/zsh
DISPLAY=:0

Signal Handlers:
SIGSEGV: [libjvm.so+0xad3e60], sa_mask[0]=11111111011111111101111111111110, sa_flags=SA_RESTART|SA_SIGINFO
SIGBUS: [libjvm.so+0xad3e60], sa_mask[0]=11111111011111111101111111111110, sa_flags=SA_RESTART|SA_SIGINFO
SIGFPE: [libjvm.so+0x90b880], sa_mask[0]=11111111011111111101111111111110, sa_flags=SA_RESTART|SA_SIGINFO
SIGPIPE: [libjvm.so+0x90b880], sa_mask[0]=11111111011111111101111111111110, sa_flags=SA_RESTART|SA_SIGINFO
SIGXFSZ: [libjvm.so+0x90b880], sa_mask[0]=11111111011111111101111111111110, sa_flags=SA_RESTART|SA_SIGINFO
SIGILL: [libjvm.so+0x90b880], sa_mask[0]=11111111011111111101111111111110, sa_flags=SA_RESTART|SA_SIGINFO
SIGUSR1: SIG_DFL, sa_mask[0]=00000000000000000000000000000000, sa_flags=none
SIGUSR2: [libjvm.so+0x90b750], sa_mask[0]=00100000000000000000000000000000, sa_flags=SA_RESTART|SA_SIGINFO
SIGHUP: [libjvm.so+0x90bd70], sa_mask[0]=11111111011111111101111111111110, sa_flags=SA_RESTART|SA_SIGINFO
SIGINT: [libjvm.so+0x90bd70], sa_mask[0]=11111111011111111101111111111110, sa_flags=SA_RESTART|SA_SIGINFO
SIGTERM: [libjvm.so+0x90bd70], sa_mask[0]=11111111011111111101111111111110, sa_flags=SA_RESTART|SA_SIGINFO
SIGQUIT: [libjvm.so+0x90bd70], sa_mask[0]=11111111011111111101111111111110, sa_flags=SA_RESTART|SA_SIGINFO


---------------  S Y S T E M  ---------------

OS:DISTRIB_ID=Ubuntu
DISTRIB_RELEASE=18.04
DISTRIB_CODENAME=bionic
DISTRIB_DESCRIPTION="Ubuntu 18.04 LTS"

uname:Linux 4.15.0-20-generic #21-Ubuntu SMP Tue Apr 24 06:16:15 UTC 2018 x86_64
libc:glibc 2.27 NPTL 2.27 
rlimit: STACK 8192k, CORE 0k, NPROC 23386, NOFILE 4096, AS infinity
load average:0.77 1.01 1.02

/proc/meminfo:
MemTotal:        6045792 kB
MemFree:          100544 kB
MemAvailable:       9688 kB
Buffers:             532 kB
Cached:           147020 kB
SwapCached:         2724 kB
Active:          4869888 kB
Inactive:         753512 kB
Active(anon):    4862860 kB
Inactive(anon):   740752 kB
Active(file):       7028 kB
Inactive(file):    12760 kB
Unevictable:         264 kB
Mlocked:             264 kB
SwapTotal:        999420 kB
SwapFree:              0 kB
Dirty:                92 kB
Writeback:             0 kB
AnonPages:       5473680 kB
Mapped:            61440 kB
Shmem:            127496 kB
Slab:             151956 kB
SReclaimable:      55204 kB
SUnreclaim:        96752 kB
KernelStack:       18048 kB
PageTables:        78928 kB
NFS_Unstable:          0 kB
Bounce:                0 kB
WritebackTmp:          0 kB
CommitLimit:     4022316 kB
Committed_AS:   13988992 kB
VmallocTotal:   34359738367 kB
VmallocUsed:           0 kB
VmallocChunk:          0 kB
HardwareCorrupted:     0 kB
AnonHugePages:         0 kB
ShmemHugePages:        0 kB
ShmemPmdMapped:        0 kB
CmaTotal:              0 kB
CmaFree:               0 kB
HugePages_Total:       0
HugePages_Free:        0
HugePages_Rsvd:        0
HugePages_Surp:        0
Hugepagesize:       2048 kB
DirectMap4k:      215296 kB
DirectMap2M:     6019072 kB

container (cgroup) information:
container_type: cgroupv1
cpu_cpuset_cpus: 0-3
cpu_memory_nodes: 0
active_processor_count: 4
cpu_quota: -1
cpu_period: 100000
cpu_shares: -1
memory_limit_in_bytes: -1
memory_and_swap_limit_in_bytes: -2
memory_soft_limit_in_bytes: -1
memory_usage_in_bytes: 5793763328
memory_max_usage_in_bytes: 5797654528


CPU:total 4 (initial active 4) (2 cores per cpu, 2 threads per core) family 6 model 42 stepping 7, cmov, cx8, fxsr, mmx, sse, sse2, sse3, ssse3, sse4.1, sse4.2, popcnt, avx, aes, clmul, ht, tsc, tscinvbit

/proc/cpuinfo:
processor	: 0
vendor_id	: GenuineIntel
cpu family	: 6
model		: 42
model name	: Intel(R) Core(TM) i5-2450M CPU @ 2.50GHz
stepping	: 7
microcode	: 0x25
cpu MHz		: 2893.477
cache size	: 3072 KB
physical id	: 0
siblings	: 4
core id		: 0
cpu cores	: 2
apicid		: 0
initial apicid	: 0
fpu		: yes
fpu_exception	: yes
cpuid level	: 13
wp		: yes
flags		: fpu vme de pse tsc msr pae mce cx8 apic sep mtrr pge mca cmov pat pse36 clflush dts acpi mmx fxsr sse sse2 ss ht tm pbe syscall nx rdtscp lm constant_tsc arch_perfmon pebs bts rep_good nopl xtopology nonstop_tsc cpuid aperfmperf pni pclmulqdq dtes64 monitor ds_cpl vmx est tm2 ssse3 cx16 xtpr pdcm pcid sse4_1 sse4_2 x2apic popcnt tsc_deadline_timer aes xsave avx lahf_lm epb pti tpr_shadow vnmi flexpriority ept vpid xsaveopt dtherm ida arat pln pts
bugs		: cpu_meltdown spectre_v1 spectre_v2
bogomips	: 4988.75
clflush size	: 64
cache_alignment	: 64
address sizes	: 36 bits physical, 48 bits virtual
power management:

processor	: 1
vendor_id	: GenuineIntel
cpu family	: 6
model		: 42
model name	: Intel(R) Core(TM) i5-2450M CPU @ 2.50GHz
stepping	: 7
microcode	: 0x25
cpu MHz		: 2893.477
cache size	: 3072 KB
physical id	: 0
siblings	: 4
core id		: 0
cpu cores	: 2
apicid		: 1
initial apicid	: 1
fpu		: yes
fpu_exception	: yes
cpuid level	: 13
wp		: yes
flags		: fpu vme de pse tsc msr pae mce cx8 apic sep mtrr pge mca cmov pat pse36 clflush dts acpi mmx fxsr sse sse2 ss ht tm pbe syscall nx rdtscp lm constant_tsc arch_perfmon pebs bts rep_good nopl xtopology nonstop_tsc cpuid aperfmperf pni pclmulqdq dtes64 monitor ds_cpl vmx est tm2 ssse3 cx16 xtpr pdcm pcid sse4_1 sse4_2 x2apic popcnt tsc_deadline_timer aes xsave avx lahf_lm epb pti tpr_shadow vnmi flexpriority ept vpid xsaveopt dtherm ida arat pln pts
bugs		: cpu_meltdown spectre_v1 spectre_v2
bogomips	: 4988.75
clflush size	: 64
cache_alignment	: 64
address sizes	: 36 bits physical, 48 bits virtual
power management:

processor	: 2
vendor_id	: GenuineIntel
cpu family	: 6
model		: 42
model name	: Intel(R) Core(TM) i5-2450M CPU @ 2.50GHz
stepping	: 7
microcode	: 0x25
cpu MHz		: 2896.304
cache size	: 3072 KB
physical id	: 0
siblings	: 4
core id		: 1
cpu cores	: 2
apicid		: 2
initial apicid	: 2
fpu		: yes
fpu_exception	: yes
cpuid level	: 13
wp		: yes
flags		: fpu vme de pse tsc msr pae mce cx8 apic sep mtrr pge mca cmov pat pse36 clflush dts acpi mmx fxsr sse sse2 ss ht tm pbe syscall nx rdtscp lm constant_tsc arch_perfmon pebs bts rep_good nopl xtopology nonstop_tsc cpuid aperfmperf pni pclmulqdq dtes64 monitor ds_cpl vmx est tm2 ssse3 cx16 xtpr pdcm pcid sse4_1 sse4_2 x2apic popcnt tsc_deadline_timer aes xsave avx lahf_lm epb pti tpr_shadow vnmi flexpriority ept vpid xsaveopt dtherm ida arat pln pts
bugs		: cpu_meltdown spectre_v1 spectre_v2
bogomips	: 4988.75
clflush size	: 64
cache_alignment	: 64
address sizes	: 36 bits physical, 48 bits virtual
power management:

processor	: 3
vendor_id	: GenuineIntel
cpu family	: 6
model		: 42
model name	: Intel(R) Core(TM) i5-2450M CPU @ 2.50GHz
stepping	: 7
microcode	: 0x25
cpu MHz		: 2896.293
cache size	: 3072 KB
physical id	: 0
siblings	: 4
core id		: 1
cpu cores	: 2
apicid		: 3
initial apicid	: 3
fpu		: yes
fpu_exception	: yes
cpuid level	: 13
wp		: yes
flags		: fpu vme de pse tsc msr pae mce cx8 apic sep mtrr pge mca cmov pat pse36 clflush dts acpi mmx fxsr sse sse2 ss ht tm pbe syscall nx rdtscp lm constant_tsc arch_perfmon pebs bts rep_good nopl xtopology nonstop_tsc cpuid aperfmperf pni pclmulqdq dtes64 monitor ds_cpl vmx est tm2 ssse3 cx16 xtpr pdcm pcid sse4_1 sse4_2 x2apic popcnt tsc_deadline_timer aes xsave avx lahf_lm epb pti tpr_shadow vnmi flexpriority ept vpid xsaveopt dtherm ida arat pln pts
bugs		: cpu_meltdown spectre_v1 spectre_v2
bogomips	: 4988.75
clflush size	: 64
cache_alignment	: 64
address sizes	: 36 bits physical, 48 bits virtual
power management:



Memory: 4k page, physical 6045792k(102056k free), swap 999420k(0k free)

vm_info: Java HotSpot(TM) 64-Bit Server VM (25.201-b09) for linux-amd64 JRE (1.8.0_201-b09), built on Dec 15 2018 11:35:59 by "java_re" with gcc 7.3.0

time: Mon Jan 28 09:57:29 2019
timezone: CST
elapsed time: 5 seconds (0d 0h 0m 5s)

